# JRE version: Java(TM) SE Runtime Environment (8.0_202-b08) (build 1.8.0_202-b08)
# Java VM: Java HotSpot(TM) 64-Bit Server VM (25.202-b08 mixed mode windows-amd64 compressed oops)
Heap:
 PSYoungGen      total 616448K, used 435866K [0x00000000d5580000, 0x0000000100000000, 0x0000000100000000)
  eden space 543232K, 79% used [0x00000000d5580000,0x00000000ef8e8fe0,0x00000000f6800000)
  from space 73216K, 8% used [0x00000000f6800000,0x00000000f6e3d8d8,0x00000000faf80000)
  to   space 71680K, 0% used [0x00000000fba00000,0x00000000fba00000,0x0000000100000000)
 ParOldGen       total 319488K, used 227686K [0x0000000080000000, 0x0000000093800000, 0x00000000d5580000)
  object space 319488K, 71% used [0x0000000080000000,0x000000008de59b80,0x0000000093800000)
 Metaspace       used 143176K, capacity 149992K, committed 150144K, reserved 1179648K
  class space    used 18208K, capacity 19473K, committed 19584K, reserved 1048576K
GC Heap History (10 events):
Event: 6351.252 GC heap before
{Heap before GC invocations=48 (full 7):
 PSYoungGen      total 611328K, used 544393K [0x00000000d5580000, 0x00000000ffd00000, 0x0000000100000000)
  eden space 529920K, 100% used [0x00000000d5580000,0x00000000f5b00000,0x00000000f5b00000)
  from space 81408K, 17% used [0x00000000fad80000,0x00000000fbba25e0,0x00000000ffd00000)
  to   space 82944K, 0% used [0x00000000f5b00000,0x00000000f5b00000,0x00000000fac00000)
 ParOldGen       total 319488K, used 180699K [0x0000000080000000, 0x0000000093800000, 0x00000000d5580000)
  object space 319488K, 56% used [0x0000000080000000,0x000000008b076ce0,0x0000000093800000)
 Metaspace       used 143079K, capacity 149902K, committed 150144K, reserved 1179648K
  class space    used 18207K, capacity 19470K, committed 19584K, reserved 1048576K
Event: 6351.420 GC heap after
Heap after GC invocations=48 (full 7):
 PSYoungGen      total 612864K, used 10560K [0x00000000d5580000, 0x00000000ffe80000, 0x0000000100000000)
  eden space 529920K, 0% used [0x00000000d5580000,0x00000000d5580000,0x00000000f5b00000)
  from space 82944K, 12% used [0x00000000f5b00000,0x00000000f6550030,0x00000000fac00000)
  to   space 81408K, 0% used [0x00000000faf00000,0x00000000faf00000,0x00000000ffe80000)
 ParOldGen       total 319488K, used 193802K [0x0000000080000000, 0x0000000093800000, 0x00000000d5580000)
  object space 319488K, 60% used [0x0000000080000000,0x000000008bd42b50,0x0000000093800000)
 Metaspace       used 143079K, capacity 149902K, committed 150144K, reserved 1179648K
  class space    used 18207K, capacity 19470K, committed 19584K, reserved 1048576K
}
Event: 6355.051 GC heap before
{Heap before GC invocations=49 (full 7):
 PSYoungGen      total 612864K, used 540480K [0x00000000d5580000, 0x00000000ffe80000, 0x0000000100000000)
  eden space 529920K, 100% used [0x00000000d5580000,0x00000000f5b00000,0x00000000f5b00000)
  from space 82944K, 12% used [0x00000000f5b00000,0x00000000f6550030,0x00000000fac00000)
  to   space 81408K, 0% used [0x00000000faf00000,0x00000000faf00000,0x00000000ffe80000)
 ParOldGen       total 319488K, used 193802K [0x0000000080000000, 0x0000000093800000, 0x00000000d5580000)
  object space 319488K, 60% used [0x0000000080000000,0x000000008bd42b50,0x0000000093800000)
 Metaspace       used 143094K, capacity 149902K, committed 150144K, reserved 1179648K
  class space    used 18207K, capacity 19470K, committed 19584K, reserved 1048576K
Event: 6355.135 GC heap after
Heap after GC invocations=49 (full 7):
 PSYoungGen      total 610816K, used 11546K [0x00000000d5580000, 0x00000000ff980000, 0x0000000100000000)
  eden space 534528K, 0% used [0x00000000d5580000,0x00000000d5580000,0x00000000f5f80000)
  from space 76288K, 15% used [0x00000000faf00000,0x00000000fba46948,0x00000000ff980000)
  to   space 78848K, 0% used [0x00000000f5f80000,0x00000000f5f80000,0x00000000fac80000)
 ParOldGen       total 319488K, used 203522K [0x0000000080000000, 0x0000000093800000, 0x00000000d5580000)
  object space 319488K, 63% used [0x0000000080000000,0x000000008c6c0b90,0x0000000093800000)
 Metaspace       used 143094K, capacity 149902K, committed 150144K, reserved 1179648K
  class space    used 18207K, capacity 19470K, committed 19584K, reserved 1048576K
}
Event: 6358.610 GC heap before
{Heap before GC invocations=50 (full 7):
 PSYoungGen      total 610816K, used 546074K [0x00000000d5580000, 0x00000000ff980000, 0x0000000100000000)
  eden space 534528K, 100% used [0x00000000d5580000,0x00000000f5f80000,0x00000000f5f80000)
  from space 76288K, 15% used [0x00000000faf00000,0x00000000fba46948,0x00000000ff980000)
  to   space 78848K, 0% used [0x00000000f5f80000,0x00000000f5f80000,0x00000000fac80000)
 ParOldGen       total 319488K, used 203522K [0x0000000080000000, 0x0000000093800000, 0x00000000d5580000)
  object space 319488K, 63% used [0x0000000080000000,0x000000008c6c0b90,0x0000000093800000)
 Metaspace       used 143130K, capacity 149966K, committed 150144K, reserved 1179648K
  class space    used 18207K, capacity 19470K, committed 19584K, reserved 1048576K
Event: 6358.700 GC heap after
Heap after GC invocations=50 (full 7):
 PSYoungGen      total 613376K, used 11704K [0x00000000d5580000, 0x00000000ffe80000, 0x0000000100000000)
  eden space 534528K, 0% used [0x00000000d5580000,0x00000000d5580000,0x00000000f5f80000)
  from space 78848K, 14% used [0x00000000f5f80000,0x00000000f6aee210,0x00000000fac80000)
  to   space 76800K, 0% used [0x00000000fb380000,0x00000000fb380000,0x00000000ffe80000)
 ParOldGen       total 319488K, used 214378K [0x0000000080000000, 0x0000000093800000, 0x00000000d5580000)
  object space 319488K, 67% used [0x0000000080000000,0x000000008d15ab78,0x0000000093800000)
 Metaspace       used 143130K, capacity 149966K, committed 150144K, reserved 1179648K
  class space    used 18207K, capacity 19470K, committed 19584K, reserved 1048576K
}
Event: 6361.379 GC heap before
{Heap before GC invocations=51 (full 7):
 PSYoungGen      total 613376K, used 546232K [0x00000000d5580000, 0x00000000ffe80000, 0x0000000100000000)
  eden space 534528K, 100% used [0x00000000d5580000,0x00000000f5f80000,0x00000000f5f80000)
  from space 78848K, 14% used [0x00000000f5f80000,0x00000000f6aee210,0x00000000fac80000)
  to   space 76800K, 0% used [0x00000000fb380000,0x00000000fb380000,0x00000000ffe80000)
 ParOldGen       total 319488K, used 214378K [0x0000000080000000, 0x0000000093800000, 0x00000000d5580000)
  object space 319488K, 67% used [0x0000000080000000,0x000000008d15ab78,0x0000000093800000)
 Metaspace       used 143143K, capacity 149966K, committed 150144K, reserved 1179648K
  class space    used 18207K, capacity 19470K, committed 19584K, reserved 1048576K
Event: 6361.479 GC heap after
Heap after GC invocations=51 (full 7):
 PSYoungGen      total 612352K, used 16374K [0x00000000d5580000, 0x00000000ff700000, 0x0000000100000000)
  eden space 543232K, 0% used [0x00000000d5580000,0x00000000d5580000,0x00000000f6800000)
  from space 69120K, 23% used [0x00000000fb380000,0x00000000fc37dbd0,0x00000000ff700000)
  to   space 73216K, 0% used [0x00000000f6800000,0x00000000f6800000,0x00000000faf80000)
 ParOldGen       total 319488K, used 222689K [0x0000000080000000, 0x0000000093800000, 0x00000000d5580000)
  object space 319488K, 69% used [0x0000000080000000,0x000000008d9785c0,0x0000000093800000)
 Metaspace       used 143143K, capacity 149966K, committed 150144K, reserved 1179648K
  class space    used 18207K, capacity 19470K, committed 19584K, reserved 1048576K
}
Event: 6364.506 GC heap before
{Heap before GC invocations=52 (full 7):
 PSYoungGen      total 612352K, used 559606K [0x00000000d5580000, 0x00000000ff700000, 0x0000000100000000)
  eden space 543232K, 100% used [0x00000000d5580000,0x00000000f6800000,0x00000000f6800000)
  from space 69120K, 23% used [0x00000000fb380000,0x00000000fc37dbd0,0x00000000ff700000)
  to   space 73216K, 0% used [0x00000000f6800000,0x00000000f6800000,0x00000000faf80000)
 ParOldGen       total 319488K, used 222689K [0x0000000080000000, 0x0000000093800000, 0x00000000d5580000)
  object space 319488K, 69% used [0x0000000080000000,0x000000008d9785c0,0x0000000093800000)
 Metaspace       used 143161K, capacity 149976K, committed 150144K, reserved 1179648K
  class space    used 18207K, capacity 19471K, committed 19584K, reserved 1048576K
Event: 6364.537 GC heap after
Heap after GC invocations=52 (full 7):
 PSYoungGen      total 616448K, used 6390K [0x00000000d5580000, 0x0000000100000000, 0x0000000100000000)
  eden space 543232K, 0% used [0x00000000d5580000,0x00000000d5580000,0x00000000f6800000)
  from space 73216K, 8% used [0x00000000f6800000,0x00000000f6e3d8d8,0x00000000faf80000)
  to   space 71680K, 0% used [0x00000000fba00000,0x00000000fba00000,0x0000000100000000)
 ParOldGen       total 319488K, used 227686K [0x0000000080000000, 0x0000000093800000, 0x00000000d5580000)
  object space 319488K, 71% used [0x0000000080000000,0x000000008de59b80,0x0000000093800000)
 Metaspace       used 143161K, capacity 149976K, committed 150144K, reserved 1179648K
  class space    used 18207K, capacity 19471K, committed 19584K, reserved 1048576K
}

